Using pre-set license
Built from '2020.2/release' branch; Version is '2020.2.1f1 (270dd8c3da1c) revision 2559448'; Using compiler version '192528614'; Build Type 'Release'
OS: 'Windows 10  (10.0.0) 64bit' Language: 'ru' Physical Memory: 16272 MB
BatchMode: 1, IsHumanControllingUs: 0, StartBugReporterOnCrash: 0, Is64bit: 1, IsPro: 0

 COMMAND LINE ARGUMENTS:
C:\Unity\2020.2.1f1\Editor\Unity.exe
-adb2
-batchMode
-noUpm
-name
AssetImportWorker0
-projectPath
C:/Unity/Castle2
-logFile
Logs/AssetImportWorker0.log
-srvPort
63027
Successfully changed project path to: C:/Unity/Castle2
C:/Unity/Castle2
Using Asset Import Pipeline V2.
Refreshing native plugins compatible for Editor in 138.78 ms, found 0 plugins.
Preloading 0 native plugins for Editor in 0.00 ms.
Initialize engine version: 2020.2.1f1 (270dd8c3da1c)
[Subsystems] Discovering subsystems at path C:/Unity/2020.2.1f1/Editor/Data/Resources/UnitySubsystems
[Subsystems] Discovering subsystems at path C:/Unity/Castle2/Assets
GfxDevice: creating device client; threaded=0
Direct3D:
    Version:  Direct3D 11.0 [level 11.1]
    Renderer: NVIDIA Quadro P2000 (ID=0x1c30)
    Vendor:   
    VRAM:     5032 MB
    Driver:   27.21.14.6109
Initialize mono
Mono path[0] = 'C:/Unity/2020.2.1f1/Editor/Data/Managed'
Mono path[1] = 'C:/Unity/2020.2.1f1/Editor/Data/MonoBleedingEdge/lib/mono/unityjit'
Mono config path = 'C:/Unity/2020.2.1f1/Editor/Data/MonoBleedingEdge/etc'
Using monoOptions --debugger-agent=transport=dt_socket,embedding=1,server=y,suspend=n,address=127.0.0.1:56128
Begin MonoManager ReloadAssembly
Registering precompiled unity dll's ...
Register platform support module: C:/Unity/2020.2.1f1/Editor/Data/PlaybackEngines/WebGLSupport/UnityEditor.WebGL.Extensions.dll
Register platform support module: C:/Unity/2020.2.1f1/Editor/Data/PlaybackEngines/WindowsStandaloneSupport/UnityEditor.WindowsStandalone.Extensions.dll
Registered in 0.001892 seconds.
Native extension for WindowsStandalone target not found
Native extension for WebGL target not found
Refreshing native plugins compatible for Editor in 68.57 ms, found 0 plugins.
Preloading 0 native plugins for Editor in 0.00 ms.
Invoked RoslynAnalysisRunner static constructor.
RoslynAnalysisRunner will not be running.
RoslynAnalysisRunner has terminated.
Mono: successfully reloaded assembly
- Completed reload, in  2.042 seconds
Platform modules already initialized, skipping
Registering precompiled user dll's ...
Registered in 0.001388 seconds.
Begin MonoManager ReloadAssembly
Native extension for WindowsStandalone target not found
Native extension for WebGL target not found
Refreshing native plugins compatible for Editor in 0.61 ms, found 0 plugins.
Preloading 0 native plugins for Editor in 0.00 ms.
Invoked RoslynAnalysisRunner static constructor.
RoslynAnalysisRunner will not be running.
RoslynAnalysisRunner has terminated.
Mono: successfully reloaded assembly
- Completed reload, in  0.822 seconds
Platform modules already initialized, skipping
========================================================================
Worker process is ready to serve import requests
Launched and connected shader compiler UnityShaderCompiler.exe after 0.03 seconds
Refreshing native plugins compatible for Editor in 13.16 ms, found 0 plugins.
Preloading 0 native plugins for Editor in 0.00 ms.
Unloading 1290 Unused Serialized files (Serialized files now loaded: 0)
System memory in use before: 101.3 MB.
System memory in use after: 97.1 MB.

Unloading 22 unused Assets to reduce memory usage. Loaded Objects now: 1723.
Total: 3.419700 ms (FindLiveObjects: 0.132500 ms CreateObjectMapping: 0.035700 ms MarkObjects: 1.425300 ms  DeleteObjects: 1.825200 ms)

========================================================================
Received Import Request.
  path: Assets/Prefabs/Levels/Level28.prefab
  artifactKey: Guid(a47afd7b722f694448a03330dbd595ea) Importer(815301076,1909f56bfc062723c751e8b465ee728b)
Start importing Assets/Prefabs/Levels/Level28.prefab using Guid(a47afd7b722f694448a03330dbd595ea) Importer(815301076,1909f56bfc062723c751e8b465ee728b)  -> (artifact id: 'd384e72dc4a832c23f842a91b2c9cfad') in 0.215701 seconds
  Import took 0.219928 seconds .

========================================================================
Received Import Request.
  Time since last request: 0.000270 seconds.
  path: Assets/Prefabs/Levels/Leve11.prefab
  artifactKey: Guid(da755800518b6294d8ed8758d0b6d4c8) Importer(815301076,1909f56bfc062723c751e8b465ee728b)
Start importing Assets/Prefabs/Levels/Leve11.prefab using Guid(da755800518b6294d8ed8758d0b6d4c8) Importer(815301076,1909f56bfc062723c751e8b465ee728b)  -> (artifact id: 'a982ae7353349f79b2db7009130f47e8') in 0.046355 seconds
  Import took 0.050712 seconds .

========================================================================
Received Import Request.
  Time since last request: 0.000262 seconds.
  path: Assets/Prefabs/Levels/Level1.prefab
  artifactKey: Guid(6471219a89cb0984faed034b2f41d994) Importer(815301076,1909f56bfc062723c751e8b465ee728b)
Start importing Assets/Prefabs/Levels/Level1.prefab using Guid(6471219a89cb0984faed034b2f41d994) Importer(815301076,1909f56bfc062723c751e8b465ee728b)  -> (artifact id: '8643cb0eb6fdedb6acde23875c4938e3') in 0.052007 seconds
  Import took 0.057662 seconds .

========================================================================
Received Import Request.
  Time since last request: 0.000210 seconds.
  path: Assets/Prefabs/Levels/Level29.prefab
  artifactKey: Guid(aed39fe555b0af0469201144762dcbf6) Importer(815301076,1909f56bfc062723c751e8b465ee728b)
Start importing Assets/Prefabs/Levels/Level29.prefab using Guid(aed39fe555b0af0469201144762dcbf6) Importer(815301076,1909f56bfc062723c751e8b465ee728b)  -> (artifact id: 'abd008b25b50c1e0fb90c87eaa1e6f48') in 0.066302 seconds
  Import took 0.071836 seconds .

========================================================================
Received Import Request.
  Time since last request: 0.000241 seconds.
  path: Assets/Prefabs/Levels/Level18.prefab
  artifactKey: Guid(70b1de9e8928d6843b844eb29287d14f) Importer(815301076,1909f56bfc062723c751e8b465ee728b)
Start importing Assets/Prefabs/Levels/Level18.prefab using Guid(70b1de9e8928d6843b844eb29287d14f) Importer(815301076,1909f56bfc062723c751e8b465ee728b)  -> (artifact id: '0413bcaea03b2fd17ad79f4835ab8f64') in 0.049895 seconds
  Import took 0.054051 seconds .

========================================================================
Received Import Request.
  Time since last request: 0.000272 seconds.
  path: Assets/Prefabs/Levels/Level13.prefab
  artifactKey: Guid(2f66c5da47919a14299311d31640b1be) Importer(815301076,1909f56bfc062723c751e8b465ee728b)
Start importing Assets/Prefabs/Levels/Level13.prefab using Guid(2f66c5da47919a14299311d31640b1be) Importer(815301076,1909f56bfc062723c751e8b465ee728b)  -> (artifact id: '9a5ef7b57c2e2364fd0671f6f500c517') in 0.045382 seconds
  Import took 0.048794 seconds .

========================================================================
Received Import Request.
  Time since last request: 0.000277 seconds.
  path: Assets/Prefabs/Levels/Level23.prefab
  artifactKey: Guid(e41ed94a0a38ccd4aac6f49994854091) Importer(815301076,1909f56bfc062723c751e8b465ee728b)
Start importing Assets/Prefabs/Levels/Level23.prefab using Guid(e41ed94a0a38ccd4aac6f49994854091) Importer(815301076,1909f56bfc062723c751e8b465ee728b)  -> (artifact id: '9a6106a7cb890495e7fe950d5a087bb7') in 0.047436 seconds
  Import took 0.051358 seconds .

========================================================================
Received Import Request.
  Time since last request: 0.000372 seconds.
  path: Assets/Prefabs/Levels/Level1.5.prefab
  artifactKey: Guid(f7660a9d8cba0554d8e798ec9fa34a1a) Importer(815301076,1909f56bfc062723c751e8b465ee728b)
Start importing Assets/Prefabs/Levels/Level1.5.prefab using Guid(f7660a9d8cba0554d8e798ec9fa34a1a) Importer(815301076,1909f56bfc062723c751e8b465ee728b)  -> (artifact id: '59207444af4b7c62ccd351d254ad2726') in 0.040510 seconds
  Import took 0.044520 seconds .

========================================================================
Received Import Request.
  Time since last request: 0.000309 seconds.
  path: Assets/Prefabs/Levels/Level25.prefab
  artifactKey: Guid(7ecbdf5b8c3062f4eb8872b35fa9e40c) Importer(815301076,1909f56bfc062723c751e8b465ee728b)
Start importing Assets/Prefabs/Levels/Level25.prefab using Guid(7ecbdf5b8c3062f4eb8872b35fa9e40c) Importer(815301076,1909f56bfc062723c751e8b465ee728b)  -> (artifact id: '93d1818b66e1023843e4480839d1c315') in 0.046679 seconds
  Import took 0.050484 seconds .

========================================================================
Received Import Request.
  Time since last request: 0.000276 seconds.
  path: Assets/Prefabs/Levels/Level3.prefab
  artifactKey: Guid(91e563464031fc844b3cf037fc677b39) Importer(815301076,1909f56bfc062723c751e8b465ee728b)
Start importing Assets/Prefabs/Levels/Level3.prefab using Guid(91e563464031fc844b3cf037fc677b39) Importer(815301076,1909f56bfc062723c751e8b465ee728b)  -> (artifact id: 'a0587118320a8ea5917c8037b30bd925') in 0.040190 seconds
  Import took 0.043183 seconds .

========================================================================
Received Import Request.
  Time since last request: 0.000232 seconds.
  path: Assets/Prefabs/Levels/Level19.prefab
  artifactKey: Guid(42dc1b89415348449bfc6df62a5bf51c) Importer(815301076,1909f56bfc062723c751e8b465ee728b)
Start importing Assets/Prefabs/Levels/Level19.prefab using Guid(42dc1b89415348449bfc6df62a5bf51c) Importer(815301076,1909f56bfc062723c751e8b465ee728b)  -> (artifact id: '6ad10021a389dae0dcca771baaacaa6f') in 0.049535 seconds
  Import took 0.053771 seconds .

========================================================================
Received Import Request.
  Time since last request: 0.000271 seconds.
  path: Assets/Prefabs/Levels/Level15.prefab
  artifactKey: Guid(c5cf629cce2710c4395b147ed5602451) Importer(815301076,1909f56bfc062723c751e8b465ee728b)
Start importing Assets/Prefabs/Levels/Level15.prefab using Guid(c5cf629cce2710c4395b147ed5602451) Importer(815301076,1909f56bfc062723c751e8b465ee728b)  -> (artifact id: 'c7d6ff6f193ce6718515dd863c5a7838') in 0.048950 seconds
  Import took 0.053714 seconds .

========================================================================
Received Import Request.
  Time since last request: 0.000360 seconds.
  path: Assets/Prefabs/Levels/Level27.prefab
  artifactKey: Guid(5a01ec8f0ba439f49b862e6339cdaebe) Importer(815301076,1909f56bfc062723c751e8b465ee728b)
Start importing Assets/Prefabs/Levels/Level27.prefab using Guid(5a01ec8f0ba439f49b862e6339cdaebe) Importer(815301076,1909f56bfc062723c751e8b465ee728b)  -> (artifact id: 'a66e0ff65b5880ad4004c5527e5c9e1d') in 0.125103 seconds
  Import took 0.129934 seconds .

========================================================================
Received Import Request.
  Time since last request: 0.000257 seconds.
  path: Assets/Prefabs/Levels/Level21.prefab
  artifactKey: Guid(96515e93d07a67644bc9a1d072396d19) Importer(815301076,1909f56bfc062723c751e8b465ee728b)
Start importing Assets/Prefabs/Levels/Level21.prefab using Guid(96515e93d07a67644bc9a1d072396d19) Importer(815301076,1909f56bfc062723c751e8b465ee728b)  -> (artifact id: '410e0a42d09a53478280426179f86891') in 0.045530 seconds
  Import took 0.048955 seconds .

========================================================================
Received Import Request.
  Time since last request: 0.000203 seconds.
  path: Assets/Prefabs/Levels/Leve12.prefab
  artifactKey: Guid(9b491b8f6753981408ffd38098aa2b32) Importer(815301076,1909f56bfc062723c751e8b465ee728b)
Start importing Assets/Prefabs/Levels/Leve12.prefab using Guid(9b491b8f6753981408ffd38098aa2b32) Importer(815301076,1909f56bfc062723c751e8b465ee728b)  -> (artifact id: '39148a46d014b25bd21876aafe52eaa9') in 0.048801 seconds
  Import took 0.053039 seconds .

========================================================================
Received Import Request.
  Time since last request: 0.000230 seconds.
  path: Assets/Prefabs/Levels/Level16.prefab
  artifactKey: Guid(42f39276d38e7ca4eaf0c5ab9f3f4c42) Importer(815301076,1909f56bfc062723c751e8b465ee728b)
Start importing Assets/Prefabs/Levels/Level16.prefab using Guid(42f39276d38e7ca4eaf0c5ab9f3f4c42) Importer(815301076,1909f56bfc062723c751e8b465ee728b)  -> (artifact id: 'a23df3e1a4f3c90512f9457128f4569f') in 0.045273 seconds
  Import took 0.049740 seconds .

========================================================================
Received Import Request.
  Time since last request: 0.000151 seconds.
  path: Assets/Prefabs/Levels/Leve9.prefab
  artifactKey: Guid(b727507b5eff56a48814bf7b0f47550a) Importer(815301076,1909f56bfc062723c751e8b465ee728b)
Start importing Assets/Prefabs/Levels/Leve9.prefab using Guid(b727507b5eff56a48814bf7b0f47550a) Importer(815301076,1909f56bfc062723c751e8b465ee728b)  -> (artifact id: '808c22653cf3d98e96b3fc78fe726367') in 0.043001 seconds
  Import took 0.046577 seconds .

========================================================================
Received Import Request.
  Time since last request: 0.000172 seconds.
  path: Assets/Prefabs/Levels/Level24.prefab
  artifactKey: Guid(19199e8032a40ae4590aeb8d42b327c3) Importer(815301076,1909f56bfc062723c751e8b465ee728b)
Start importing Assets/Prefabs/Levels/Level24.prefab using Guid(19199e8032a40ae4590aeb8d42b327c3) Importer(815301076,1909f56bfc062723c751e8b465ee728b)  -> (artifact id: 'ca47b9212cc7970ae3e539808108f4aa') in 0.043461 seconds
  Import took 0.046742 seconds .

========================================================================
Received Import Request.
  Time since last request: 0.000236 seconds.
  path: Assets/Prefabs/Levels/Level7.prefab
  artifactKey: Guid(53b15b4842bd6b04585e8c392e35f6c2) Importer(815301076,1909f56bfc062723c751e8b465ee728b)
Start importing Assets/Prefabs/Levels/Level7.prefab using Guid(53b15b4842bd6b04585e8c392e35f6c2) Importer(815301076,1909f56bfc062723c751e8b465ee728b)  -> (artifact id: '1aa0db61056c71b33264ebebfd912705') in 0.042804 seconds
  Import took 0.045870 seconds .

========================================================================
Received Import Request.
  Time since last request: 0.000246 seconds.
  path: Assets/Prefabs/Levels/Level6.prefab
  artifactKey: Guid(2091d5f352717fc44b0e46dbf406b8b9) Importer(815301076,1909f56bfc062723c751e8b465ee728b)
Start importing Assets/Prefabs/Levels/Level6.prefab using Guid(2091d5f352717fc44b0e46dbf406b8b9) Importer(815301076,1909f56bfc062723c751e8b465ee728b)  -> (artifact id: '0da0d80173afc8f9b3314a984302eb72') in 0.040733 seconds
  Import took 0.043604 seconds .

========================================================================
Received Import Request.
  Time since last request: 0.000237 seconds.
  path: Assets/Prefabs/Levels/Level26.prefab
  artifactKey: Guid(2cfaf72b10c61834e9975003f607b916) Importer(815301076,1909f56bfc062723c751e8b465ee728b)
Start importing Assets/Prefabs/Levels/Level26.prefab using Guid(2cfaf72b10c61834e9975003f607b916) Importer(815301076,1909f56bfc062723c751e8b465ee728b)  -> (artifact id: '59e167236ca5265728efd9892bc486ec') in 0.055563 seconds
  Import took 0.059722 seconds .

========================================================================
Received Import Request.
  Time since last request: 0.000250 seconds.
  path: Assets/Prefabs/Levels/Level2.prefab
  artifactKey: Guid(922e029b7a44e8f4fb4cf5bfb6534173) Importer(815301076,1909f56bfc062723c751e8b465ee728b)
Start importing Assets/Prefabs/Levels/Level2.prefab using Guid(922e029b7a44e8f4fb4cf5bfb6534173) Importer(815301076,1909f56bfc062723c751e8b465ee728b)  -> (artifact id: '4b94bf4c830e8041d80297de76cda994') in 0.040694 seconds
  Import took 0.043492 seconds .

========================================================================
Received Import Request.
  Time since last request: 0.000230 seconds.
  path: Assets/Prefabs/Levels/Level17.prefab
  artifactKey: Guid(b8cd136f48f90c541aeb40dadafa2390) Importer(815301076,1909f56bfc062723c751e8b465ee728b)
Start importing Assets/Prefabs/Levels/Level17.prefab using Guid(b8cd136f48f90c541aeb40dadafa2390) Importer(815301076,1909f56bfc062723c751e8b465ee728b)  -> (artifact id: '7833c807a2dc6a6d61745ab5b8be0f39') in 0.043042 seconds
  Import took 0.047315 seconds .

========================================================================
Received Import Request.
  Time since last request: 0.000206 seconds.
  path: Assets/Prefabs/Levels/Level10.prefab
  artifactKey: Guid(be2ab7f399d5a46458d6b5e87be70ebf) Importer(815301076,1909f56bfc062723c751e8b465ee728b)
Start importing Assets/Prefabs/Levels/Level10.prefab using Guid(be2ab7f399d5a46458d6b5e87be70ebf) Importer(815301076,1909f56bfc062723c751e8b465ee728b)  -> (artifact id: '8068b7f41ab3d51392278c95de33911b') in 0.044199 seconds
  Import took 0.047793 seconds .

========================================================================
Received Import Request.
  Time since last request: 0.000237 seconds.
  path: Assets/Prefabs/Levels/Level14.prefab
  artifactKey: Guid(9c7a363679929224eb42b2402c79a5a7) Importer(815301076,1909f56bfc062723c751e8b465ee728b)
Start importing Assets/Prefabs/Levels/Level14.prefab using Guid(9c7a363679929224eb42b2402c79a5a7) Importer(815301076,1909f56bfc062723c751e8b465ee728b)  -> (artifact id: 'd93e23123b786fd92a5cbdaaa7666880') in 0.043125 seconds
  Import took 0.046371 seconds .

========================================================================
Received Import Request.
  Time since last request: 0.000242 seconds.
  path: Assets/Prefabs/Levels/Level20.prefab
  artifactKey: Guid(879259fcd1e2f34499653927efbb4c7d) Importer(815301076,1909f56bfc062723c751e8b465ee728b)
Start importing Assets/Prefabs/Levels/Level20.prefab using Guid(879259fcd1e2f34499653927efbb4c7d) Importer(815301076,1909f56bfc062723c751e8b465ee728b)  -> (artifact id: '9f1123ed9cc82be3bdd1f6cfea11d9cb') in 0.044926 seconds
  Import took 0.048235 seconds .

========================================================================
Received Import Request.
  Time since last request: 0.000236 seconds.
  path: Assets/Prefabs/Levels/Level5.prefab
  artifactKey: Guid(d0bda8933dd209c47bfce70714fc2fe8) Importer(815301076,1909f56bfc062723c751e8b465ee728b)
Start importing Assets/Prefabs/Levels/Level5.prefab using Guid(d0bda8933dd209c47bfce70714fc2fe8) Importer(815301076,1909f56bfc062723c751e8b465ee728b)  -> (artifact id: '74753c0dff921c04048de6514c09cb6c') in 0.040783 seconds
  Import took 0.044819 seconds .

========================================================================
Received Import Request.
  Time since last request: 0.000223 seconds.
  path: Assets/Prefabs/Levels/Level4.prefab
  artifactKey: Guid(2bb4dc31eb0dd78478ba76c8380c9c1b) Importer(815301076,1909f56bfc062723c751e8b465ee728b)
Start importing Assets/Prefabs/Levels/Level4.prefab using Guid(2bb4dc31eb0dd78478ba76c8380c9c1b) Importer(815301076,1909f56bfc062723c751e8b465ee728b)  -> (artifact id: 'e5cf9a9ae6f16732d7cb5b1985ecadce') in 0.040415 seconds
  Import took 0.043549 seconds .

========================================================================
Received Import Request.
  Time since last request: 0.000255 seconds.
  path: Assets/Prefabs/Levels/Level22.prefab
  artifactKey: Guid(fa1a6750138fe5b4382720049c30c158) Importer(815301076,1909f56bfc062723c751e8b465ee728b)
Start importing Assets/Prefabs/Levels/Level22.prefab using Guid(fa1a6750138fe5b4382720049c30c158) Importer(815301076,1909f56bfc062723c751e8b465ee728b)  -> (artifact id: '173821bb40bbfc19e4fd89ea59e8b474') in 0.046188 seconds
  Import took 0.049532 seconds .

========================================================================
Received Import Request.
  Time since last request: 0.000283 seconds.
  path: Assets/Prefabs/Levels/Leve8.prefab
  artifactKey: Guid(81cf9fa7a6b8b604f9f3e5017646e612) Importer(815301076,1909f56bfc062723c751e8b465ee728b)
Start importing Assets/Prefabs/Levels/Leve8.prefab using Guid(81cf9fa7a6b8b604f9f3e5017646e612) Importer(815301076,1909f56bfc062723c751e8b465ee728b)  -> (artifact id: '227db12171bf6b7a3f5f76aca8e402f0') in 0.044269 seconds
  Import took 0.047277 seconds .

========================================================================
Received Import Request.
  Time since last request: 110.976905 seconds.
  path: Assets/Prefabs/Levels/Level1.5.prefab
  artifactKey: Guid(f7660a9d8cba0554d8e798ec9fa34a1a) Importer(815301076,1909f56bfc062723c751e8b465ee728b)
Start importing Assets/Prefabs/Levels/Level1.5.prefab using Guid(f7660a9d8cba0554d8e798ec9fa34a1a) Importer(815301076,1909f56bfc062723c751e8b465ee728b)  -> (artifact id: '48305dc52f147885e4987ab66396d04b') in 0.039991 seconds
  Import took 0.044806 seconds .

========================================================================
Received Import Request.
  Time since last request: 6.808452 seconds.
  path: Assets/Prefabs/Levels/Level1.5.prefab
  artifactKey: Guid(f7660a9d8cba0554d8e798ec9fa34a1a) Importer(815301076,1909f56bfc062723c751e8b465ee728b)
Start importing Assets/Prefabs/Levels/Level1.5.prefab using Guid(f7660a9d8cba0554d8e798ec9fa34a1a) Importer(815301076,1909f56bfc062723c751e8b465ee728b)  -> (artifact id: '2a3336c10854277220704db1173ab61c') in 0.046764 seconds
  Import took 0.050534 seconds .

========================================================================
Received Import Request.
  Time since last request: 22.508341 seconds.
  path: Assets/Prefabs/Levels/Level5.prefab
  artifactKey: Guid(d0bda8933dd209c47bfce70714fc2fe8) Importer(815301076,1909f56bfc062723c751e8b465ee728b)
Start importing Assets/Prefabs/Levels/Level5.prefab using Guid(d0bda8933dd209c47bfce70714fc2fe8) Importer(815301076,1909f56bfc062723c751e8b465ee728b)  -> (artifact id: '4e6ae394c43260eae35e6aa4121c4539') in 0.058177 seconds
  Import took 0.062570 seconds .

========================================================================
Received Import Request.
  Time since last request: 11.425081 seconds.
  path: Assets/Prefabs/Levels/Level7.prefab
  artifactKey: Guid(53b15b4842bd6b04585e8c392e35f6c2) Importer(815301076,1909f56bfc062723c751e8b465ee728b)
Start importing Assets/Prefabs/Levels/Level7.prefab using Guid(53b15b4842bd6b04585e8c392e35f6c2) Importer(815301076,1909f56bfc062723c751e8b465ee728b)  -> (artifact id: 'ff75c96b70881af3db5fb3d52628c9d4') in 0.044047 seconds
  Import took 0.047627 seconds .

========================================================================
Received Import Request.
  Time since last request: 13.768187 seconds.
  path: Assets/Prefabs/Levels/Level10.prefab
  artifactKey: Guid(be2ab7f399d5a46458d6b5e87be70ebf) Importer(815301076,1909f56bfc062723c751e8b465ee728b)
Start importing Assets/Prefabs/Levels/Level10.prefab using Guid(be2ab7f399d5a46458d6b5e87be70ebf) Importer(815301076,1909f56bfc062723c751e8b465ee728b)  -> (artifact id: '4a9a558376ab96d6240384ef78be8a90') in 0.051769 seconds
  Import took 0.056096 seconds .

========================================================================
Received Import Request.
  Time since last request: 10.209637 seconds.
  path: Assets/Prefabs/Levels/Level13.prefab
  artifactKey: Guid(2f66c5da47919a14299311d31640b1be) Importer(815301076,1909f56bfc062723c751e8b465ee728b)
Start importing Assets/Prefabs/Levels/Level13.prefab using Guid(2f66c5da47919a14299311d31640b1be) Importer(815301076,1909f56bfc062723c751e8b465ee728b)  -> (artifact id: '815d8d5b7a2e39d98b6bf5c9f51dfa89') in 0.045626 seconds
  Import took 0.049889 seconds .

========================================================================
Received Import Request.
  Time since last request: 15.859771 seconds.
  path: Assets/Prefabs/Levels/Level15.prefab
  artifactKey: Guid(c5cf629cce2710c4395b147ed5602451) Importer(815301076,1909f56bfc062723c751e8b465ee728b)
Start importing Assets/Prefabs/Levels/Level15.prefab using Guid(c5cf629cce2710c4395b147ed5602451) Importer(815301076,1909f56bfc062723c751e8b465ee728b)  -> (artifact id: '200c2e2c0ce2fe2995e5724455746906') in 0.060120 seconds
  Import took 0.065876 seconds .

========================================================================
Received Import Request.
  Time since last request: 7.349526 seconds.
  path: Assets/Prefabs/Levels/Level16.prefab
  artifactKey: Guid(42f39276d38e7ca4eaf0c5ab9f3f4c42) Importer(815301076,1909f56bfc062723c751e8b465ee728b)
Start importing Assets/Prefabs/Levels/Level16.prefab using Guid(42f39276d38e7ca4eaf0c5ab9f3f4c42) Importer(815301076,1909f56bfc062723c751e8b465ee728b)  -> (artifact id: 'c044a2be9ab488490f8cd9a5de8c8082') in 0.052866 seconds
  Import took 0.058414 seconds .

========================================================================
Received Prepare
Registering precompiled user dll's ...
Registered in 0.001061 seconds.
Begin MonoManager ReloadAssembly
Native extension for WindowsStandalone target not found
Native extension for WebGL target not found
Refreshing native plugins compatible for Editor in 0.61 ms, found 0 plugins.
Preloading 0 native plugins for Editor in 0.00 ms.
Invoked RoslynAnalysisRunner static constructor.
RoslynAnalysisRunner will not be running.
RoslynAnalysisRunner has terminated.
Mono: successfully reloaded assembly
- Completed reload, in  0.744 seconds
Platform modules already initialized, skipping
Refreshing native plugins compatible for Editor in 0.62 ms, found 0 plugins.
Preloading 0 native plugins for Editor in 0.00 ms.
Unloading 1202 Unused Serialized files (Serialized files now loaded: 0)
System memory in use before: 101.7 MB.
System memory in use after: 97.5 MB.

Unloading 21 unused Assets to reduce memory usage. Loaded Objects now: 1736.
Total: 3.636400 ms (FindLiveObjects: 0.172200 ms CreateObjectMapping: 0.068000 ms MarkObjects: 1.506100 ms  DeleteObjects: 1.888900 ms)

========================================================================
Received Import Request.
  Time since last request: 47.660431 seconds.
  path: Assets/Prefabs/Levels/Level20.prefab
  artifactKey: Guid(879259fcd1e2f34499653927efbb4c7d) Importer(815301076,1909f56bfc062723c751e8b465ee728b)
Start importing Assets/Prefabs/Levels/Level20.prefab using Guid(879259fcd1e2f34499653927efbb4c7d) Importer(815301076,1909f56bfc062723c751e8b465ee728b)  -> (artifact id: '781221086faeb425b60a23fca37a25c1') in 0.137686 seconds
  Import took 0.142645 seconds .

========================================================================
Received Prepare
Registering precompiled user dll's ...
Registered in 0.001848 seconds.
Begin MonoManager ReloadAssembly
Native extension for WindowsStandalone target not found
Native extension for WebGL target not found
Refreshing native plugins compatible for Editor in 0.90 ms, found 0 plugins.
Preloading 0 native plugins for Editor in 0.00 ms.
Invoked RoslynAnalysisRunner static constructor.
RoslynAnalysisRunner will not be running.
RoslynAnalysisRunner has terminated.
Mono: successfully reloaded assembly
- Completed reload, in  0.765 seconds
Platform modules already initialized, skipping
Refreshing native plugins compatible for Editor in 0.64 ms, found 0 plugins.
Preloading 0 native plugins for Editor in 0.00 ms.
Unloading 1203 Unused Serialized files (Serialized files now loaded: 0)
System memory in use before: 102.8 MB.
System memory in use after: 98.6 MB.

Unloading 21 unused Assets to reduce memory usage. Loaded Objects now: 1739.
Total: 4.028300 ms (FindLiveObjects: 0.329300 ms CreateObjectMapping: 0.041100 ms MarkObjects: 1.407200 ms  DeleteObjects: 2.249200 ms)

AssetImportWorkerClient::OnTransportError - code=2 error=End of file
