Using pre-set license

 COMMAND LINE ARGUMENTS:
/Applications/Unity/Hub/Editor/2020.2.1f1/Unity.app/Contents/MacOS/Unity
-adb2
-batchMode
-noUpm
-name
AssetImportWorker0
-projectPath
/Users/pavel/Documents/Unity/PocketWars2
-logFile
Logs/AssetImportWorker0.log
-srvPort
63938
Successfully changed project path to: /Users/pavel/Documents/Unity/PocketWars2
/Users/pavel/Documents/Unity/PocketWars2
Using Asset Import Pipeline V2.
Refreshing native plugins compatible for Editor in 76.85 ms, found 1 plugins.
Preloading 0 native plugins for Editor in 0.00 ms.
Initialize engine version: 2020.2.1f1 (270dd8c3da1c)
[Subsystems] Discovering subsystems at path /Applications/Unity/Hub/Editor/2020.2.1f1/Unity.app/Contents/Resources/UnitySubsystems
[Subsystems] Discovering subsystems at path /Users/pavel/Documents/Unity/PocketWars2/Assets
GfxDevice: creating device client; threaded=0
2021-06-23 13:06:42.842 Unity[8206:5565797] LG HDR 4K preferred device: AMD Radeon Pro 5500M (high power)
2021-06-23 13:06:42.842 Unity[8206:5565797] Metal devices available: 2
2021-06-23 13:06:42.842 Unity[8206:5565797] 0: AMD Radeon Pro 5500M (high power)
2021-06-23 13:06:42.842 Unity[8206:5565797] 1: Intel(R) UHD Graphics 630 (low power)
2021-06-23 13:06:42.842 Unity[8206:5565797] Using device AMD Radeon Pro 5500M (high power)
Initializing Metal device caps: AMD Radeon Pro 5500M
Initialize mono
Mono path[0] = '/Applications/Unity/Hub/Editor/2020.2.1f1/Unity.app/Contents/Managed'
Mono path[1] = '/Applications/Unity/Hub/Editor/2020.2.1f1/Unity.app/Contents/MonoBleedingEdge/lib/mono/unityjit'
Mono config path = '/Applications/Unity/Hub/Editor/2020.2.1f1/Unity.app/Contents/MonoBleedingEdge/etc'
Using monoOptions --debugger-agent=transport=dt_socket,embedding=1,server=y,suspend=n,address=127.0.0.1:56206
Begin MonoManager ReloadAssembly
Registering precompiled unity dll's ...
Register platform support module: /Applications/Unity/Hub/Editor/2020.2.1f1/Unity.app/Contents/PlaybackEngines/MacStandaloneSupport/UnityEditor.OSXStandalone.Extensions.dll
Registered in 0.001610 seconds.
Native extension for OSXStandalone target not found
Refreshing native plugins compatible for Editor in 58.02 ms, found 1 plugins.
Preloading 0 native plugins for Editor in 0.00 ms.
Invoked RoslynAnalysisRunner static constructor.
RoslynAnalysisRunner will not be running.
RoslynAnalysisRunner has terminated.
Mono: successfully reloaded assembly
- Completed reload, in  3.189 seconds
Platform modules already initialized, skipping
Registering precompiled user dll's ...
Registered in 0.011068 seconds.
Begin MonoManager ReloadAssembly
Native extension for OSXStandalone target not found
Refreshing native plugins compatible for Editor in 1.47 ms, found 1 plugins.
Preloading 0 native plugins for Editor in 0.00 ms.
Invoked RoslynAnalysisRunner static constructor.
RoslynAnalysisRunner will not be running.
RoslynAnalysisRunner has terminated.
Mono: successfully reloaded assembly
- Completed reload, in  1.015 seconds
Platform modules already initialized, skipping
========================================================================
Worker process is ready to serve import requests
Launching external process: /Applications/Unity/Hub/Editor/2020.2.1f1/Unity.app/Contents/Tools/UnityShaderCompiler
Launched and connected shader compiler UnityShaderCompiler after 0.02 seconds
Refreshing native plugins compatible for Editor in 0.91 ms, found 1 plugins.
Preloading 0 native plugins for Editor in 0.00 ms.
Unloading 1322 Unused Serialized files (Serialized files now loaded: 0)
System memory in use before: 167.4 MB.
System memory in use after: 161.3 MB.

Unloading 45 unused Assets to reduce memory usage. Loaded Objects now: 1770.
Total: 6.069915 ms (FindLiveObjects: 0.240188 ms CreateObjectMapping: 0.086098 ms MarkObjects: 1.908887 ms  DeleteObjects: 3.833385 ms)

========================================================================
Received Import Request.
  path: Assets/FacebookSDK/SDK/Resources/FacebookSettings.asset
  artifactKey: Guid(bcb52f952f6b34372bbf3611ff6ea844) Importer(815301076,1909f56bfc062723c751e8b465ee728b)
Start importing Assets/FacebookSDK/SDK/Resources/FacebookSettings.asset using Guid(bcb52f952f6b34372bbf3611ff6ea844) Importer(815301076,1909f56bfc062723c751e8b465ee728b)  -> (artifact id: 'd2289d631948ce231d7b1520c343c1b4') in 0.839748 seconds
  Import took 0.844184 seconds .

========================================================================
Received Import Request.
  Time since last request: 20.620199 seconds.
  path: Assets/FacebookSDK/SDK/Resources/FacebookSettings.asset
  artifactKey: Guid(bcb52f952f6b34372bbf3611ff6ea844) Importer(815301076,1909f56bfc062723c751e8b465ee728b)
Start importing Assets/FacebookSDK/SDK/Resources/FacebookSettings.asset using Guid(bcb52f952f6b34372bbf3611ff6ea844) Importer(815301076,1909f56bfc062723c751e8b465ee728b)  -> (artifact id: '54c3d497cb02264dfc717c07eccc6f9d') in 0.005348 seconds
  Import took 0.008553 seconds .

========================================================================
Received Prepare
Registering precompiled user dll's ...
Registered in 0.003741 seconds.
Begin MonoManager ReloadAssembly
Native extension for OSXStandalone target not found
Refreshing native plugins compatible for Editor in 0.88 ms, found 1 plugins.
Preloading 0 native plugins for Editor in 0.00 ms.
Invoked RoslynAnalysisRunner static constructor.
RoslynAnalysisRunner will not be running.
RoslynAnalysisRunner has terminated.
Mono: successfully reloaded assembly
- Completed reload, in  1.116 seconds
Platform modules already initialized, skipping
Refreshing native plugins compatible for Editor in 0.86 ms, found 1 plugins.
Preloading 0 native plugins for Editor in 0.00 ms.
Unloading 1262 Unused Serialized files (Serialized files now loaded: 0)
System memory in use before: 177.0 MB.
System memory in use after: 171.0 MB.

Unloading 45 unused Assets to reduce memory usage. Loaded Objects now: 1794.
Total: 5.751830 ms (FindLiveObjects: 0.221632 ms CreateObjectMapping: 0.060653 ms MarkObjects: 1.670148 ms  DeleteObjects: 3.798313 ms)

========================================================================
Received Import Request.
  Time since last request: 36.206483 seconds.
  path: Assets/AppMetrica/AppMetrica.prefab
  artifactKey: Guid(1edb7f7d5ea68467097decc77664b28d) Importer(815301076,1909f56bfc062723c751e8b465ee728b)
Start importing Assets/AppMetrica/AppMetrica.prefab using Guid(1edb7f7d5ea68467097decc77664b28d) Importer(815301076,1909f56bfc062723c751e8b465ee728b)  -> (artifact id: 'b1cb5feacfba59469a4605ced3456dfe') in 0.346173 seconds
  Import took 0.349475 seconds .

========================================================================
Received Import Request.
  Time since last request: 6.679714 seconds.
  path: Assets/AppMetrica/AppMetrica.cs
  artifactKey: Guid(fc7b82b1248c84e468b83ba7fb3f14a9) Importer(815301076,1909f56bfc062723c751e8b465ee728b)
Start importing Assets/AppMetrica/AppMetrica.cs using Guid(fc7b82b1248c84e468b83ba7fb3f14a9) Importer(815301076,1909f56bfc062723c751e8b465ee728b)  -> (artifact id: '6f15732e265ee281a82e82b6a2ee3413') in 0.328148 seconds
  Import took 0.330441 seconds .

========================================================================
Received Prepare
Registering precompiled user dll's ...
Registered in 0.003829 seconds.
Begin MonoManager ReloadAssembly
Native extension for OSXStandalone target not found
Refreshing native plugins compatible for Editor in 1.01 ms, found 1 plugins.
Preloading 0 native plugins for Editor in 0.00 ms.
Invoked RoslynAnalysisRunner static constructor.
RoslynAnalysisRunner will not be running.
RoslynAnalysisRunner has terminated.
Mono: successfully reloaded assembly
- Completed reload, in  1.207 seconds
Platform modules already initialized, skipping
Refreshing native plugins compatible for Editor in 0.83 ms, found 1 plugins.
Preloading 0 native plugins for Editor in 0.00 ms.
Unloading 1263 Unused Serialized files (Serialized files now loaded: 0)
System memory in use before: 187.0 MB.
System memory in use after: 180.9 MB.

Unloading 45 unused Assets to reduce memory usage. Loaded Objects now: 1796.
Total: 5.796642 ms (FindLiveObjects: 0.227056 ms CreateObjectMapping: 0.054085 ms MarkObjects: 1.593743 ms  DeleteObjects: 3.920589 ms)

========================================================================
Received Import Request.
  Time since last request: 12.291211 seconds.
  path: Assets/AppMetrica/AppMetrica.cs
  artifactKey: Guid(fc7b82b1248c84e468b83ba7fb3f14a9) Importer(815301076,1909f56bfc062723c751e8b465ee728b)
Start importing Assets/AppMetrica/AppMetrica.cs using Guid(fc7b82b1248c84e468b83ba7fb3f14a9) Importer(815301076,1909f56bfc062723c751e8b465ee728b)  -> (artifact id: '16118dda1591469199d91a8bc6bea867') in 0.023876 seconds
  Import took 0.027603 seconds .

========================================================================
Received Import Request.
  Time since last request: 2.562747 seconds.
  path: Assets/Plugins/Android/AndroidManifest.xml
  artifactKey: Guid(cff4ada53042c425b8fe01ebe28f7975) Importer(815301076,1909f56bfc062723c751e8b465ee728b)
Start importing Assets/Plugins/Android/AndroidManifest.xml using Guid(cff4ada53042c425b8fe01ebe28f7975) Importer(815301076,1909f56bfc062723c751e8b465ee728b)  -> (artifact id: '9714ccb3a789c4293a8965293afe08ee') in 1.807943 seconds
  Import took 1.810404 seconds .

